#
# A fatal error has been detected by the Java Runtime Environment:
#
#  EXCEPTION_ACCESS_VIOLATION (0xc0000005) at pc=0x0000000074cd8325, pid=5532, tid=6964
#
# JRE version: Java(TM) SE Runtime Environment (8.0_40-b22) (build 1.8.0_40-ea-b22)
# Java VM: Java HotSpot(TM) 64-Bit Server VM (25.40-b25 mixed mode windows-amd64 compressed oops)
# Problematic frame:
# V  [jvm.dll+0x128325]
#
# Failed to write core dump. Minidumps are not enabled by default on client versions of Windows
#
# If you would like to submit a bug report, please visit:
#   http://bugreport.java.com/bugreport/crash.jsp
#

---------------  T H R E A D  ---------------

Current thread (0x00000000162c4800):  JavaThread "JDWP Transport Listener: dt_socket" daemon [_thread_in_vm, id=6964, stack(0x00000000166c0000,0x00000000167c0000)]

siginfo: ExceptionCode=0xc0000005, reading address 0x00003b003b746e65

Registers:
RAX=0x00000000167bf101, RBX=0x00000000162c4800, RCX=0x00003b003b746e65, RDX=0x0000000000000000
RSP=0x00000000167bf0f0, RBP=0x00003b003b746e65, RSI=0x00000000167bf208, RDI=0x0000000002208890
R8 =0x00000000162c4800, R9 =0x0000000000008000, R10=0x0000000000000000, R11=0x00000000167bf3cd
R12=0x0000000000000000, R13=0x00000000162cedb8, R14=0x0000000000000000, R15=0x0000000000000000
RIP=0x0000000074cd8325, EFLAGS=0x0000000000010206

Top of Stack: (sp=0x00000000167bf0f0)
0x00000000167bf0f0:   00000000162c4800 00000000162c4800
0x00000000167bf100:   00000000167bf1b8 0000000074edc7ab
0x00000000167bf110:   00000000162c4800 0000000074ef900d
0x00000000167bf120:   0000000000000000 0000000074b49155
0x00000000167bf130:   00000000162c0be8 0000000074b5291e
0x00000000167bf140:   00000000162c4800 0000000000000000
0x00000000167bf150:   0000000000000000 0000000000000000
0x00000000167bf160:   00003b003b746e65 0000000074b51a15
0x00000000167bf170:   00000000167bf208 00000000167bf1e0
0x00000000167bf180:   0000000000000001 00000000162c0be8
0x00000000167bf190:   00003b003b746e65 0000000074b353b3
0x00000000167bf1a0:   00000000167bf2d0 0000000000000001
0x00000000167bf1b0:   0000000000000001 00000000162c0be8
0x00000000167bf1c0:   0000000000000009 0000000000000000
0x00000000167bf1d0:   0000000000000000 0000000000000000
0x00000000167bf1e0:   0000000000000001 0000000074b35571 

Instructions: (pc=0x0000000074cd8325)
0x0000000074cd8305:   cc cc cc cc cc cc cc cc cc cc cc 48 83 ec 28 48
0x0000000074cd8315:   85 c9 75 07 33 c0 48 83 c4 28 c3 48 89 5c 24 20
0x0000000074cd8325:   48 8b 19 48 85 db 74 20 48 83 fb 37 74 1a 48 8b
0x0000000074cd8335:   13 48 8b cb ff 52 10 84 c0 74 0d 48 8b c3 48 8b 


Register to memory mapping:

RAX=0x00000000167bf101 is pointing into the stack for thread: 0x00000000162c4800
RBX=0x00000000162c4800 is a thread
RCX=0x00003b003b746e65 is an unknown value
RDX=0x0000000000000000 is an unknown value
RSP=0x00000000167bf0f0 is pointing into the stack for thread: 0x00000000162c4800
RBP=0x00003b003b746e65 is an unknown value
RSI=0x00000000167bf208 is pointing into the stack for thread: 0x00000000162c4800
RDI=0x0000000002208890 is an unknown value
R8 =0x00000000162c4800 is a thread
R9 =0x0000000000008000 is an unknown value
R10=0x0000000000000000 is an unknown value
R11=0x00000000167bf3cd is pointing into the stack for thread: 0x00000000162c4800
R12=0x0000000000000000 is an unknown value
R13=0x00000000162cedb8 is an unknown value
R14=0x0000000000000000 is an unknown value
R15=0x0000000000000000 is an unknown value


Stack: [0x00000000166c0000,0x00000000167c0000],  sp=0x00000000167bf0f0,  free space=1020k
Native frames: (J=compiled Java code, j=interpreted, Vv=VM code, C=native code)
V  [jvm.dll+0x128325]
V  [jvm.dll+0x34900d]
C  [jdwp.dll+0x21a15]
C  [jdwp.dll+0x53b3]
C  [jdwp.dll+0x5571]
C  [jdwp.dll+0xf0a8]
C  [jdwp.dll+0x1f2d5]
C  [jdwp.dll+0x1f4aa]
V  [jvm.dll+0x1baef8]
V  [jvm.dll+0x2418f4]
V  [jvm.dll+0x2983ea]
C  [msvcr100.dll+0x21d9f]
C  [msvcr100.dll+0x21e3b]
C  [KERNEL32.DLL+0x13d2]
C  [ntdll.dll+0x15454]


---------------  P R O C E S S  ---------------

Java Threads: ( => current thread )
  0x000000001634c800 JavaThread "Service Thread" daemon [_thread_blocked, id=4744, stack(0x0000000016cc0000,0x0000000016dc0000)]
  0x0000000016344800 JavaThread "C1 CompilerThread2" daemon [_thread_blocked, id=3376, stack(0x0000000016bc0000,0x0000000016cc0000)]
  0x0000000016343800 JavaThread "C2 CompilerThread1" daemon [_thread_blocked, id=6468, stack(0x0000000016ac0000,0x0000000016bc0000)]
  0x00000000162e1000 JavaThread "C2 CompilerThread0" daemon [_thread_blocked, id=3800, stack(0x00000000169c0000,0x0000000016ac0000)]
  0x00000000162df800 JavaThread "JDWP Command Reader" daemon [_thread_in_native, id=6460, stack(0x00000000168c0000,0x00000000169c0000)]
  0x00000000162d1800 JavaThread "JDWP Event Helper Thread" daemon [_thread_blocked, id=6436, stack(0x00000000167c0000,0x00000000168c0000)]
=>0x00000000162c4800 JavaThread "JDWP Transport Listener: dt_socket" daemon [_thread_in_vm, id=6964, stack(0x00000000166c0000,0x00000000167c0000)]
  0x0000000014d7f800 JavaThread "Attach Listener" daemon [_thread_blocked, id=5896, stack(0x00000000161c0000,0x00000000162c0000)]
  0x0000000014d7e800 JavaThread "Signal Dispatcher" daemon [_thread_blocked, id=1508, stack(0x00000000160c0000,0x00000000161c0000)]
  0x0000000002797800 JavaThread "Finalizer" daemon [_thread_blocked, id=6416, stack(0x0000000015fc0000,0x00000000160c0000)]
  0x000000000278f000 JavaThread "Reference Handler" daemon [_thread_blocked, id=6884, stack(0x0000000015ec0000,0x0000000015fc0000)]
  0x000000000220e000 JavaThread "main" [_thread_blocked, id=2508, stack(0x00000000025a0000,0x00000000026a0000)]

Other Threads:
  0x0000000014d36000 VMThread [stack: 0x0000000015dc0000,0x0000000015ec0000] [id=2176]
  0x000000001634f000 WatcherThread [stack: 0x0000000016dc0000,0x0000000016ec0000] [id=4244]

VM state:not at safepoint (normal execution)

VM Mutex/Monitor currently owned by a thread: None

Heap:
 PSYoungGen      total 18944K, used 1966K [0x00000000eb400000, 0x00000000ec900000, 0x0000000100000000)
  eden space 16384K, 12% used [0x00000000eb400000,0x00000000eb5ebae8,0x00000000ec400000)
  from space 2560K, 0% used [0x00000000ec680000,0x00000000ec680000,0x00000000ec900000)
  to   space 2560K, 0% used [0x00000000ec400000,0x00000000ec400000,0x00000000ec680000)
 ParOldGen       total 44032K, used 0K [0x00000000c1c00000, 0x00000000c4700000, 0x00000000eb400000)
  object space 44032K, 0% used [0x00000000c1c00000,0x00000000c1c00000,0x00000000c4700000)
 Metaspace       used 2612K, capacity 4498K, committed 4864K, reserved 1056768K
  class space    used 277K, capacity 386K, committed 512K, reserved 1048576K

Card table byte_map: [0x0000000011b60000,0x0000000011d60000] byte_map_base: 0x0000000011552000

Marking Bits: (ParMarkBitMap*) 0x00000000753b3040
 Begin Bits: [0x00000000122b0000, 0x0000000013240000)
 End Bits:   [0x0000000013240000, 0x00000000141d0000)

Polling page: 0x00000000009c0000

CodeCache: size=245760Kb used=1091Kb max_used=1091Kb free=244668Kb
 bounds [0x00000000027a0000, 0x0000000002a10000, 0x00000000117a0000]
 total_blobs=245 nmethods=19 adapters=148
 compilation: enabled

Compilation events (10 events):
Event: 0.359 Thread 0x0000000016344800   15       3       java.io.WinNTFileSystem::isSlash (18 bytes)
Event: 0.359 Thread 0x0000000016344800 nmethod 15 0x00000000028ac750 code [0x00000000028ac8a0, 0x00000000028aca90]
Event: 0.360 Thread 0x0000000016344800   16  s    3       java.lang.StringBuffer::append (13 bytes)
Event: 0.360 Thread 0x0000000016344800 nmethod 16 0x00000000028aee90 code [0x00000000028af020, 0x00000000028af528]
Event: 0.362 Thread 0x0000000016344800   17       3       java.lang.String::indexOf (70 bytes)
Event: 0.362 Thread 0x0000000016344800 nmethod 17 0x00000000028af790 code [0x00000000028af920, 0x00000000028afcc8]
Event: 0.363 Thread 0x0000000016344800   18       3       java.lang.String::getChars (62 bytes)
Event: 0.365 Thread 0x0000000016344800 nmethod 18 0x00000000028afe10 code [0x00000000028affe0, 0x00000000028b0498]
Event: 0.366 Thread 0x0000000016344800   19       1       java.lang.Object::<init> (1 bytes)
Event: 0.366 Thread 0x0000000016344800 nmethod 19 0x00000000028ac490 code [0x00000000028ac5e0, 0x00000000028ac6f0]

GC Heap History (0 events):
No events

Deoptimization events (0 events):
No events

Internal exceptions (3 events):
Event: 0.066 Thread 0x000000000220e000 Exception <a 'java/lang/NoSuchMethodError': Method sun.misc.Unsafe.defineClass(Ljava/lang/String;[BII)Ljava/lang/Class; name or signature does not match> (0x00000000eb412cc0) thrown at [C:\workspace\8-2-build-windows-amd64-cygwin\jdk8u40\2659.nc\hotspot\sr<¢a„ö°?
Event: 0.066 Thread 0x000000000220e000 Exception <a 'java/lang/NoSuchMethodError': Method sun.misc.Unsafe.prefetchRead(Ljava/lang/Object;J)V name or signature does not match> (0x00000000eb412f50) thrown at [C:\workspace\8-2-build-windows-amd64-cygwin\jdk8u40\2659.nc\hotspot\src\share\vm\prims\jbécaæÑØ?
Event: 0.388 Thread 0x000000000220e000 Exception <a 'java/lang/ArrayIndexOutOfBoundsException': 21> (0x00000000eb5a3938) thrown at [C:\workspace\8-2-build-windows-amd64-cygwin\jdk8u40\2659.nc\hotspot\src\share\vm\interpreter\interpreterRuntime.cpp, line 366]

Events (10 events):
Event: 116.139 Executing VM operation: GetCurrentLocation
Event: 116.139 Executing VM operation: GetCurrentLocation done
Event: 116.139 Executing VM operation: ChangeSingleStep
Event: 116.139 Executing VM operation: ChangeSingleStep done
Event: 116.140 Executing VM operation: ChangeSingleStep
Event: 116.140 Executing VM operation: ChangeSingleStep done
Event: 283.716 Executing VM operation: RedefineClasses
Event: 283.717 Executing VM operation: RedefineClasses done
Event: 354.579 Executing VM operation: RedefineClasses
Event: 354.579 Executing VM operation: RedefineClasses done


Dynamic libraries:
0x00007ff61b4e0000 - 0x00007ff61b517000 	C:\Program Files\Java\jdk1.8.0_40\bin\javaw.exe
0x00007ff9ff110000 - 0x00007ff9ff2bc000 	C:\Windows\SYSTEM32\ntdll.dll
0x00007ff9fc6f0000 - 0x00007ff9fc82e000 	C:\Windows\system32\KERNEL32.DLL
0x00007ff9fc080000 - 0x00007ff9fc195000 	C:\Windows\system32\KERNELBASE.dll
0x00007ff9fab10000 - 0x00007ff9fab9e000 	C:\Windows\system32\apphelp.dll
0x00007ff9eda10000 - 0x00007ff9eda63000 	C:\Windows\AppPatch\AppPatch64\AcGenral.DLL
0x00007ff9fd1c0000 - 0x00007ff9fd26a000 	C:\Windows\system32\msvcrt.dll
0x00007ff9fbb10000 - 0x00007ff9fbb3e000 	C:\Windows\SYSTEM32\SspiCli.dll
0x00007ff9fe900000 - 0x00007ff9fe954000 	C:\Windows\system32\SHLWAPI.dll
0x00007ff9fd040000 - 0x00007ff9fd1b7000 	C:\Windows\system32\USER32.dll
0x00007ff9fcea0000 - 0x00007ff9fd034000 	C:\Windows\system32\ole32.dll
0x00007ff9fd3d0000 - 0x00007ff9fe8fb000 	C:\Windows\system32\SHELL32.dll
0x00007ff9fb480000 - 0x00007ff9fb4a1000 	C:\Windows\SYSTEM32\USERENV.dll
0x00007ff9fc490000 - 0x00007ff9fc53a000 	C:\Windows\system32\ADVAPI32.dll
0x00007ff9f7f20000 - 0x00007ff9f7f3e000 	C:\Windows\SYSTEM32\MPR.dll
0x00007ff9fd280000 - 0x00007ff9fd3c1000 	C:\Windows\system32\RPCRT4.dll
0x00007ff9fed70000 - 0x00007ff9fedc9000 	C:\Windows\SYSTEM32\sechost.dll
0x00007ff9fc9a0000 - 0x00007ff9fcbb1000 	C:\Windows\SYSTEM32\combase.dll
0x00007ff9fec20000 - 0x00007ff9fed70000 	C:\Windows\system32\GDI32.dll
0x00007ff9fbe70000 - 0x00007ff9fbe85000 	C:\Windows\SYSTEM32\profapi.dll
0x00007ff9fa7a0000 - 0x00007ff9fa852000 	C:\Windows\SYSTEM32\SHCORE.dll
0x00007ff9fce40000 - 0x00007ff9fce76000 	C:\Windows\system32\IMM32.DLL
0x00007ff9fea60000 - 0x00007ff9febb2000 	C:\Windows\system32\MSCTF.dll
0x00007ff9fa040000 - 0x00007ff9fa2ba000 	C:\Windows\WinSxS\amd64_microsoft.windows.common-controls_6595b64144ccf1df_6.0.9600.17810_none_6240b9c7ecbd0bda\COMCTL32.dll
0x0000000075440000 - 0x0000000075512000 	C:\Program Files\Java\jdk1.8.0_40\jre\bin\msvcr100.dll
0x0000000074bb0000 - 0x0000000075432000 	C:\Program Files\Java\jdk1.8.0_40\jre\bin\server\jvm.dll
0x00007ff9e87c0000 - 0x00007ff9e87c9000 	C:\Windows\SYSTEM32\WSOCK32.dll
0x00007ff9fbfa0000 - 0x00007ff9fbfc2000 	C:\Windows\system32\WINMM.dll
0x00007ff9f95c0000 - 0x00007ff9f95ca000 	C:\Windows\SYSTEM32\VERSION.dll
0x00007ff9fd270000 - 0x00007ff9fd277000 	C:\Windows\system32\PSAPI.DLL
0x00007ff9fc550000 - 0x00007ff9fc5aa000 	C:\Windows\system32\WS2_32.dll
0x00007ff9fbf50000 - 0x00007ff9fbf7a000 	C:\Windows\system32\WINMMBASE.dll
0x00007ff9fc830000 - 0x00007ff9fc839000 	C:\Windows\system32\NSI.dll
0x00007ff9fc1a0000 - 0x00007ff9fc1ef000 	C:\Windows\SYSTEM32\cfgmgr32.dll
0x00007ff9fbf20000 - 0x00007ff9fbf48000 	C:\Windows\system32\DEVOBJ.dll
0x0000000074ba0000 - 0x0000000074baf000 	C:\Program Files\Java\jdk1.8.0_40\jre\bin\verify.dll
0x0000000074b70000 - 0x0000000074b99000 	C:\Program Files\Java\jdk1.8.0_40\jre\bin\java.dll
0x0000000074b30000 - 0x0000000074b65000 	C:\Program Files\Java\jdk1.8.0_40\jre\bin\jdwp.dll
0x0000000074b20000 - 0x0000000074b28000 	C:\Program Files\Java\jdk1.8.0_40\jre\bin\npt.dll
0x0000000074b00000 - 0x0000000074b16000 	C:\Program Files\Java\jdk1.8.0_40\jre\bin\zip.dll
0x0000000074af0000 - 0x0000000074af9000 	C:\Program Files\Java\jdk1.8.0_40\jre\bin\dt_socket.dll
0x00007ff9f3bc0000 - 0x00007ff9f3bd5000 	C:\Windows\system32\napinsp.dll
0x00007ff9f3ba0000 - 0x00007ff9f3bba000 	C:\Windows\system32\pnrpnsp.dll
0x00007ff9f8740000 - 0x00007ff9f875b000 	C:\Windows\system32\NLAapi.dll
0x00007ff9fb720000 - 0x00007ff9fb779000 	C:\Windows\System32\mswsock.dll
0x00007ff9fb4f0000 - 0x00007ff9fb594000 	C:\Windows\SYSTEM32\DNSAPI.dll
0x00007ff9f3b20000 - 0x00007ff9f3b2d000 	C:\Windows\System32\winrnr.dll
0x00007ff9f3b00000 - 0x00007ff9f3b14000 	C:\Windows\system32\wshbth.dll
0x00007ff9f79f0000 - 0x00007ff9f7a5b000 	C:\Windows\System32\fwpuclnt.dll
0x00007ff9f2ff0000 - 0x00007ff9f2ffa000 	C:\Windows\System32\rasadhlp.dll
0x00007ff9f8220000 - 0x00007ff9f83a9000 	C:\Windows\SYSTEM32\dbghelp.dll

VM Arguments:
jvm_args: -agentlib:jdwp=transport=dt_socket,suspend=y,address=localhost:63274 -Dfile.encoding=UTF-8 
java_command: SortUtil.RadixSort
java_class_path (initial): D:\workspace2\Utils\bin
Launcher Type: SUN_STANDARD

Environment Variables:
JAVA_HOME=C:\Program Files\Java\jdk1.7.0_60
CLASSPATH=C:\Program Files\Java\jdk1.7.0_60\lib\dt.jar;C:\Program Files\Java\jdk1.7.0_60\lib\tools.jar
PATH=C:\Program Files\Java\jdk1.8.0_40\jre\bin;C:/Program Files/Java/jre1.8.0_45/bin/server;C:/Program Files/Java/jre1.8.0_45/bin;C:/Program Files/Java/jre1.8.0_45/lib/amd64;C:\Python27\;C:\Python27\Scripts;C:\ProgramData\Oracle\Java\javapath;C:\Program Files (x86)\Common Files\NetSarang;C:\Program Files (x86)\NVIDIA Corporation\PhysX\Common;C:\Program Files (x86)\Intel\iCLS Client\;C:\Program Files\Intel\iCLS Client\;C:\Windows\system32;C:\Windows;C:\Windows\System32\Wbem;C:\Windows\System32\WindowsPowerShell\v1.0\;C:\Program Files\Intel\Intel(R) Management Engine Components\DAL;C:\Program Files\Intel\Intel(R) Management Engine Components\IPT;C:\Program Files (x86)\Intel\Intel(R) Management Engine Components\DAL;C:\Program Files (x86)\Intel\Intel(R) Management Engine Components\IPT;C:\Program Files\Acer\Remote Files\;C:\Program Files\TortoiseSVN\bin;C:\Program Files\Java\jdk1.7.0_60\bin;C:\Program Files\Java\jdk1.7.0_60\jre\bin;;D:\eclipse;
USERNAME=123
OS=Windows_NT
PROCESSOR_IDENTIFIER=Intel64 Family 6 Model 69 Stepping 1, GenuineIntel



---------------  S Y S T E M  ---------------

OS: Windows 8.1 , 64 bit Build 9600 (6.3.9600.17415)

CPU:total 4 (2 cores per cpu, 2 threads per core) family 6 model 69 stepping 1, cmov, cx8, fxsr, mmx, sse, sse2, sse3, ssse3, sse4.1, sse4.2, popcnt, avx, avx2, aes, clmul, erms, lzcnt, ht, tsc, tscinvbit, bmi1, bmi2

Memory: 4k page, physical 4073848k(970044k free), swap 5450104k(1615812k free)

vm_info: Java HotSpot(TM) 64-Bit Server VM (25.40-b25) for windows-amd64 JRE (1.8.0_40-ea-b22), built on Jan 20 2015 21:57:21 by "java_re" with MS VC++ 10.0 (VS2010)

time: Thu Nov 05 16:03:04 2015
elapsed time: 354 seconds (0d 0h 5m 54s)

